<?xml version="1.0" encoding="UTF-8"?>
<coverage generated="1595122506973" clover="3.2.0">
  <project timestamp="1595122506973" name="All files">
    <metrics statements="65" coveredstatements="65" conditionals="56" coveredconditionals="56" methods="20" coveredmethods="20" elements="141" coveredelements="141" complexity="0" loc="65" ncloc="65" packages="1" files="4" classes="4"/>
    <file name="DefaultLoadErrorComponent.js" path="/Users/athersharif/dev/metis/src/DefaultLoadErrorComponent.js">
      <metrics statements="5" coveredstatements="5" conditionals="6" coveredconditionals="6" methods="1" coveredmethods="1"/>
      <line num="19" count="2" type="stmt"/>
      <line num="35" count="2" type="stmt"/>
      <line num="36" count="8" type="cond" truecount="2" falsecount="0"/>
      <line num="42" count="2" type="stmt"/>
      <line num="50" count="2" type="stmt"/>
    </file>
    <file name="DefaultLoadingComponent.js" path="/Users/athersharif/dev/metis/src/DefaultLoadingComponent.js">
      <metrics statements="5" coveredstatements="5" conditionals="4" coveredconditionals="4" methods="1" coveredmethods="1"/>
      <line num="19" count="2" type="stmt"/>
      <line num="33" count="2" type="stmt"/>
      <line num="34" count="9" type="cond" truecount="2" falsecount="0"/>
      <line num="39" count="2" type="stmt"/>
      <line num="46" count="2" type="stmt"/>
    </file>
    <file name="GoogleSheetsProvider.js" path="/Users/athersharif/dev/metis/src/GoogleSheetsProvider.js">
      <metrics statements="32" coveredstatements="32" conditionals="16" coveredconditionals="16" methods="13" coveredmethods="13"/>
      <line num="28" count="1" type="stmt"/>
      <line num="33" count="1" type="stmt"/>
      <line num="39" count="5" type="stmt"/>
      <line num="40" count="5" type="stmt"/>
      <line num="47" count="5" type="stmt"/>
      <line num="48" count="4" type="stmt"/>
      <line num="50" count="4" type="cond" truecount="2" falsecount="0"/>
      <line num="51" count="1" type="stmt"/>
      <line num="53" count="3" type="stmt"/>
      <line num="56" count="1" type="stmt"/>
      <line num="60" count="11" type="stmt"/>
      <line num="62" count="11" type="stmt"/>
      <line num="70" count="5" type="stmt"/>
      <line num="71" count="5" type="stmt"/>
      <line num="81" count="5" type="stmt"/>
      <line num="82" count="3" type="stmt"/>
      <line num="84" count="3" type="stmt"/>
      <line num="88" count="6" type="stmt"/>
      <line num="90" count="6" type="cond" truecount="2" falsecount="0"/>
      <line num="91" count="3" type="stmt"/>
      <line num="92" count="6" type="stmt"/>
      <line num="93" count="3" type="stmt"/>
      <line num="96" count="3" type="stmt"/>
      <line num="98" count="3" type="stmt"/>
      <line num="99" count="6" type="stmt"/>
      <line num="107" count="3" type="stmt"/>
      <line num="111" count="3" type="stmt"/>
      <line num="118" count="3" type="stmt"/>
      <line num="122" count="9" type="stmt"/>
      <line num="124" count="9" type="cond" truecount="4" falsecount="0"/>
      <line num="125" count="9" type="cond" truecount="2" falsecount="0"/>
      <line num="129" count="9" type="cond" truecount="4" falsecount="0"/>
    </file>
    <file name="withGoogleSheets.js" path="/Users/athersharif/dev/metis/src/withGoogleSheets.js">
      <metrics statements="23" coveredstatements="23" conditionals="30" coveredconditionals="30" methods="5" coveredmethods="5"/>
      <line num="30" count="8" type="cond" truecount="2" falsecount="0"/>
      <line num="31" count="8" type="stmt"/>
      <line num="32" count="9" type="stmt"/>
      <line num="34" count="8" type="stmt"/>
      <line num="38" count="8" type="stmt"/>
      <line num="44" count="9" type="cond" truecount="2" falsecount="0"/>
      <line num="45" count="9" type="stmt"/>
      <line num="47" count="9" type="cond" truecount="2" falsecount="0"/>
      <line num="48" count="3" type="stmt"/>
      <line num="50" count="3" type="stmt"/>
      <line num="65" count="6" type="cond" truecount="2" falsecount="0"/>
      <line num="66" count="2" type="stmt"/>
      <line num="68" count="4" type="cond" truecount="2" falsecount="0"/>
      <line num="69" count="1" type="stmt"/>
      <line num="72" count="4" type="stmt"/>
      <line num="73" count="7" type="stmt"/>
      <line num="75" count="6" type="stmt"/>
      <line num="77" count="6" type="cond" truecount="2" falsecount="0"/>
      <line num="78" count="5" type="stmt"/>
      <line num="80" count="1" type="stmt"/>
      <line num="86" count="9" type="cond" truecount="2" falsecount="0"/>
      <line num="87" count="9" type="cond" truecount="2" falsecount="0"/>
      <line num="91" count="9" type="cond" truecount="4" falsecount="0"/>
    </file>
  </project>
</coverage>
