<?xml version="1.0" encoding="UTF-8"?>
<coverage generated="1577654174755" clover="3.2.0">
  <project timestamp="1577654174756" name="All files">
    <metrics statements="57" coveredstatements="57" conditionals="46" coveredconditionals="46" methods="19" coveredmethods="19" elements="122" coveredelements="122" complexity="0" loc="57" ncloc="57" packages="1" files="3" classes="3"/>
    <file name="DefaultLoadErrorComponent.js" path="/Users/athersharif/dev/metis/src/DefaultLoadErrorComponent.js">
      <metrics statements="5" coveredstatements="5" conditionals="6" coveredconditionals="6" methods="1" coveredmethods="1"/>
      <line num="19" count="2" type="stmt"/>
      <line num="35" count="2" type="stmt"/>
      <line num="36" count="8" type="cond" truecount="2" falsecount="0"/>
      <line num="42" count="2" type="stmt"/>
      <line num="50" count="2" type="stmt"/>
    </file>
    <file name="GoogleSheetsProvider.js" path="/Users/athersharif/dev/metis/src/GoogleSheetsProvider.js">
      <metrics statements="29" coveredstatements="29" conditionals="10" coveredconditionals="10" methods="13" coveredmethods="13"/>
      <line num="21" count="1" type="stmt"/>
      <line num="25" count="1" type="stmt"/>
      <line num="31" count="3" type="stmt"/>
      <line num="32" count="3" type="stmt"/>
      <line num="39" count="3" type="stmt"/>
      <line num="40" count="2" type="stmt"/>
      <line num="42" count="2" type="cond" truecount="2" falsecount="0"/>
      <line num="43" count="1" type="stmt"/>
      <line num="45" count="1" type="stmt"/>
      <line num="48" count="1" type="stmt"/>
      <line num="52" count="7" type="stmt"/>
      <line num="54" count="7" type="stmt"/>
      <line num="62" count="3" type="stmt"/>
      <line num="63" count="3" type="stmt"/>
      <line num="73" count="3" type="stmt"/>
      <line num="74" count="1" type="stmt"/>
      <line num="76" count="1" type="stmt"/>
      <line num="80" count="2" type="stmt"/>
      <line num="82" count="2" type="cond" truecount="2" falsecount="0"/>
      <line num="83" count="1" type="stmt"/>
      <line num="84" count="2" type="stmt"/>
      <line num="85" count="1" type="stmt"/>
      <line num="88" count="1" type="stmt"/>
      <line num="90" count="1" type="stmt"/>
      <line num="91" count="2" type="stmt"/>
      <line num="99" count="1" type="stmt"/>
      <line num="103" count="1" type="stmt"/>
      <line num="110" count="1" type="stmt"/>
      <line num="114" count="5" type="cond" truecount="4" falsecount="0"/>
    </file>
    <file name="withGoogleSheets.js" path="/Users/athersharif/dev/metis/src/withGoogleSheets.js">
      <metrics statements="23" coveredstatements="23" conditionals="30" coveredconditionals="30" methods="5" coveredmethods="5"/>
      <line num="30" count="8" type="cond" truecount="2" falsecount="0"/>
      <line num="31" count="8" type="stmt"/>
      <line num="32" count="9" type="stmt"/>
      <line num="34" count="8" type="stmt"/>
      <line num="38" count="8" type="stmt"/>
      <line num="44" count="9" type="cond" truecount="2" falsecount="0"/>
      <line num="45" count="9" type="stmt"/>
      <line num="47" count="9" type="cond" truecount="2" falsecount="0"/>
      <line num="48" count="3" type="stmt"/>
      <line num="50" count="3" type="stmt"/>
      <line num="65" count="6" type="cond" truecount="2" falsecount="0"/>
      <line num="66" count="2" type="stmt"/>
      <line num="68" count="4" type="cond" truecount="2" falsecount="0"/>
      <line num="69" count="1" type="stmt"/>
      <line num="72" count="4" type="stmt"/>
      <line num="73" count="7" type="stmt"/>
      <line num="75" count="6" type="stmt"/>
      <line num="77" count="6" type="cond" truecount="2" falsecount="0"/>
      <line num="78" count="5" type="stmt"/>
      <line num="80" count="1" type="stmt"/>
      <line num="86" count="9" type="cond" truecount="2" falsecount="0"/>
      <line num="87" count="9" type="cond" truecount="2" falsecount="0"/>
      <line num="91" count="9" type="cond" truecount="4" falsecount="0"/>
    </file>
  </project>
</coverage>
