{"/Users/athersharif/dev/metis/src/DefaultLoadErrorComponent.js": {"path":"/Users/athersharif/dev/metis/src/DefaultLoadErrorComponent.js","statementMap":{"0":{"start":{"line":19,"column":17},"end":{"line":23,"column":1}},"1":{"start":{"line":35,"column":34},"end":{"line":40,"column":1}},"2":{"start":{"line":36,"column":2},"end":{"line":39,"column":8}},"3":{"start":{"line":42,"column":0},"end":{"line":48,"column":2}},"4":{"start":{"line":50,"column":0},"end":{"line":52,"column":2}}},"fnMap":{"0":{"name":"(anonymous_0)","decl":{"start":{"line":35,"column":34},"end":{"line":35,"column":35}},"loc":{"start":{"line":36,"column":2},"end":{"line":39,"column":8}},"line":36}},"branchMap":{"0":{"loc":{"start":{"line":36,"column":18},"end":{"line":36,"column":56}},"type":"binary-expr","locations":[{"start":{"line":36,"column":18},"end":{"line":36,"column":34}},{"start":{"line":36,"column":38},"end":{"line":36,"column":56}}],"line":36},"1":{"loc":{"start":{"line":37,"column":27},"end":{"line":37,"column":57}},"type":"binary-expr","locations":[{"start":{"line":37,"column":27},"end":{"line":37,"column":39}},{"start":{"line":37,"column":43},"end":{"line":37,"column":57}}],"line":37},"2":{"loc":{"start":{"line":38,"column":28},"end":{"line":38,"column":62}},"type":"binary-expr","locations":[{"start":{"line":38,"column":28},"end":{"line":38,"column":42}},{"start":{"line":38,"column":46},"end":{"line":38,"column":62}}],"line":38}},"s":{"0":2,"1":2,"2":8,"3":2,"4":2},"f":{"0":8},"b":{"0":[8,4],"1":[8,3],"2":[8,3]},"_coverageSchema":"43e27e138ebf9cfc5966b082cf9a028302ed4184","hash":"616bc50c8c0f13cf67daaf40d71cddf4b5f8a7ce"}
,"/Users/athersharif/dev/metis/src/GoogleSheetsProvider.js": {"path":"/Users/athersharif/dev/metis/src/GoogleSheetsProvider.js","statementMap":{"0":{"start":{"line":21,"column":21},"end":{"line":23,"column":3}},"1":{"start":{"line":25,"column":29},"end":{"line":28,"column":3}},"2":{"start":{"line":31,"column":4},"end":{"line":31,"column":12}},"3":{"start":{"line":32,"column":4},"end":{"line":35,"column":6}},"4":{"start":{"line":39,"column":4},"end":{"line":48,"column":44}},"5":{"start":{"line":40,"column":24},"end":{"line":40,"column":39}},"6":{"start":{"line":42,"column":8},"end":{"line":46,"column":9}},"7":{"start":{"line":43,"column":10},"end":{"line":43,"column":47}},"8":{"start":{"line":45,"column":10},"end":{"line":45,"column":56}},"9":{"start":{"line":48,"column":22},"end":{"line":48,"column":42}},"10":{"start":{"line":52,"column":26},"end":{"line":52,"column":36}},"11":{"start":{"line":54,"column":4},"end":{"line":54,"column":25}},"12":{"start":{"line":62,"column":11},"end":{"line":63,"column":246}},"13":{"start":{"line":63,"column":4},"end":{"line":63,"column":246}},"14":{"start":{"line":73,"column":16},"end":{"line":111,"column":3}},"15":{"start":{"line":74,"column":17},"end":{"line":74,"column":19}},"16":{"start":{"line":76,"column":4},"end":{"line":108,"column":7}},"17":{"start":{"line":80,"column":10},"end":{"line":80,"column":15}},"18":{"start":{"line":82,"column":6},"end":{"line":107,"column":7}},"19":{"start":{"line":83,"column":38},"end":{"line":83,"column":53}},"20":{"start":{"line":84,"column":8},"end":{"line":84,"column":73}},"21":{"start":{"line":84,"column":53},"end":{"line":84,"column":71}},"22":{"start":{"line":85,"column":8},"end":{"line":101,"column":10}},"23":{"start":{"line":88,"column":25},"end":{"line":88,"column":27}},"24":{"start":{"line":90,"column":12},"end":{"line":97,"column":15}},"25":{"start":{"line":91,"column":14},"end":{"line":96,"column":16}},"26":{"start":{"line":99,"column":12},"end":{"line":99,"column":26}},"27":{"start":{"line":103,"column":8},"end":{"line":106,"column":10}},"28":{"start":{"line":110,"column":4},"end":{"line":110,"column":18}},"29":{"start":{"line":114,"column":4},"end":{"line":118,"column":6}}},"fnMap":{"0":{"name":"(anonymous_0)","decl":{"start":{"line":30,"column":2},"end":{"line":30,"column":3}},"loc":{"start":{"line":30,"column":16},"end":{"line":36,"column":3}},"line":30},"1":{"name":"(anonymous_1)","decl":{"start":{"line":38,"column":2},"end":{"line":38,"column":3}},"loc":{"start":{"line":38,"column":22},"end":{"line":49,"column":3}},"line":38},"2":{"name":"(anonymous_2)","decl":{"start":{"line":40,"column":12},"end":{"line":40,"column":13}},"loc":{"start":{"line":40,"column":24},"end":{"line":40,"column":39}},"line":40},"3":{"name":"(anonymous_3)","decl":{"start":{"line":41,"column":12},"end":{"line":41,"column":13}},"loc":{"start":{"line":41,"column":20},"end":{"line":47,"column":7}},"line":41},"4":{"name":"(anonymous_4)","decl":{"start":{"line":48,"column":13},"end":{"line":48,"column":14}},"loc":{"start":{"line":48,"column":22},"end":{"line":48,"column":42}},"line":48},"5":{"name":"(anonymous_5)","decl":{"start":{"line":51,"column":2},"end":{"line":51,"column":3}},"loc":{"start":{"line":51,"column":20},"end":{"line":55,"column":3}},"line":51},"6":{"name":"(anonymous_6)","decl":{"start":{"line":62,"column":11},"end":{"line":62,"column":12}},"loc":{"start":{"line":63,"column":4},"end":{"line":63,"column":246}},"line":63},"7":{"name":"(anonymous_7)","decl":{"start":{"line":73,"column":16},"end":{"line":73,"column":17}},"loc":{"start":{"line":73,"column":32},"end":{"line":111,"column":3}},"line":73},"8":{"name":"(anonymous_8)","decl":{"start":{"line":76,"column":19},"end":{"line":76,"column":20}},"loc":{"start":{"line":76,"column":28},"end":{"line":108,"column":5}},"line":76},"9":{"name":"(anonymous_9)","decl":{"start":{"line":84,"column":46},"end":{"line":84,"column":47}},"loc":{"start":{"line":84,"column":53},"end":{"line":84,"column":71}},"line":84},"10":{"name":"(anonymous_10)","decl":{"start":{"line":87,"column":28},"end":{"line":87,"column":29}},"loc":{"start":{"line":87,"column":38},"end":{"line":100,"column":11}},"line":87},"11":{"name":"(anonymous_11)","decl":{"start":{"line":90,"column":30},"end":{"line":90,"column":31}},"loc":{"start":{"line":90,"column":48},"end":{"line":97,"column":13}},"line":90},"12":{"name":"(anonymous_12)","decl":{"start":{"line":113,"column":2},"end":{"line":113,"column":3}},"loc":{"start":{"line":113,"column":11},"end":{"line":119,"column":3}},"line":113}},"branchMap":{"0":{"loc":{"start":{"line":42,"column":8},"end":{"line":46,"column":9}},"type":"if","locations":[{"start":{"line":42,"column":8},"end":{"line":46,"column":9}},{"start":{"line":42,"column":8},"end":{"line":46,"column":9}}],"line":42},"1":{"loc":{"start":{"line":82,"column":6},"end":{"line":107,"column":7}},"type":"if","locations":[{"start":{"line":82,"column":6},"end":{"line":107,"column":7}},{"start":{"line":82,"column":6},"end":{"line":107,"column":7}}],"line":82},"2":{"loc":{"start":{"line":92,"column":25},"end":{"line":94,"column":24}},"type":"cond-expr","locations":[{"start":{"line":93,"column":20},"end":{"line":93,"column":55}},{"start":{"line":94,"column":20},"end":{"line":94,"column":24}}],"line":92},"3":{"loc":{"start":{"line":114,"column":11},"end":{"line":118,"column":5}},"type":"cond-expr","locations":[{"start":{"line":115,"column":6},"end":{"line":115,"column":25}},{"start":{"line":117,"column":6},"end":{"line":117,"column":27}}],"line":114},"4":{"loc":{"start":{"line":114,"column":11},"end":{"line":114,"column":44}},"type":"binary-expr","locations":[{"start":{"line":114,"column":11},"end":{"line":114,"column":24}},{"start":{"line":114,"column":28},"end":{"line":114,"column":44}}],"line":114}},"s":{"0":1,"1":1,"2":3,"3":3,"4":3,"5":2,"6":2,"7":1,"8":1,"9":1,"10":7,"11":7,"12":3,"13":3,"14":3,"15":1,"16":1,"17":2,"18":2,"19":1,"20":1,"21":2,"22":1,"23":1,"24":1,"25":2,"26":1,"27":1,"28":1,"29":5},"f":{"0":3,"1":3,"2":2,"3":2,"4":1,"5":7,"6":3,"7":1,"8":2,"9":2,"10":1,"11":2,"12":5},"b":{"0":[1,1],"1":[1,1],"2":[1,1],"3":[2,3],"4":[5,4]},"_coverageSchema":"43e27e138ebf9cfc5966b082cf9a028302ed4184","hash":"0d025df4760cc089d1439b5caf419e2c66e95c86"}
,"/Users/athersharif/dev/metis/src/withGoogleSheets.js": {"path":"/Users/athersharif/dev/metis/src/withGoogleSheets.js","statementMap":{"0":{"start":{"line":30,"column":25},"end":{"line":97,"column":3}},"1":{"start":{"line":30,"column":56},"end":{"line":97,"column":3}},"2":{"start":{"line":31,"column":2},"end":{"line":97,"column":3}},"3":{"start":{"line":32,"column":18},"end":{"line":32,"column":34}},"4":{"start":{"line":34,"column":23},"end":{"line":36,"column":5}},"5":{"start":{"line":38,"column":26},"end":{"line":41,"column":5}},"6":{"start":{"line":44,"column":19},"end":{"line":44,"column":38}},"7":{"start":{"line":45,"column":28},"end":{"line":45,"column":40}},"8":{"start":{"line":47,"column":6},"end":{"line":84,"column":7}},"9":{"start":{"line":48,"column":8},"end":{"line":48,"column":29}},"10":{"start":{"line":50,"column":8},"end":{"line":63,"column":10}},"11":{"start":{"line":65,"column":8},"end":{"line":83,"column":9}},"12":{"start":{"line":66,"column":10},"end":{"line":66,"column":22}},"13":{"start":{"line":68,"column":10},"end":{"line":70,"column":11}},"14":{"start":{"line":69,"column":12},"end":{"line":69,"column":30}},"15":{"start":{"line":72,"column":10},"end":{"line":82,"column":15}},"16":{"start":{"line":73,"column":25},"end":{"line":73,"column":26}},"17":{"start":{"line":75,"column":27},"end":{"line":75,"column":41}},"18":{"start":{"line":77,"column":14},"end":{"line":81,"column":15}},"19":{"start":{"line":78,"column":16},"end":{"line":78,"column":37}},"20":{"start":{"line":80,"column":16},"end":{"line":80,"column":70}},"21":{"start":{"line":86,"column":35},"end":{"line":86,"column":61}},"22":{"start":{"line":87,"column":33},"end":{"line":89,"column":35}},"23":{"start":{"line":91,"column":6},"end":{"line":95,"column":8}}},"fnMap":{"0":{"name":"(anonymous_0)","decl":{"start":{"line":30,"column":25},"end":{"line":30,"column":26}},"loc":{"start":{"line":30,"column":56},"end":{"line":97,"column":3}},"line":30},"1":{"name":"(anonymous_1)","decl":{"start":{"line":30,"column":56},"end":{"line":30,"column":57}},"loc":{"start":{"line":31,"column":2},"end":{"line":97,"column":3}},"line":31},"2":{"name":"(anonymous_2)","decl":{"start":{"line":43,"column":4},"end":{"line":43,"column":5}},"loc":{"start":{"line":43,"column":13},"end":{"line":96,"column":5}},"line":43},"3":{"name":"(anonymous_3)","decl":{"start":{"line":73,"column":20},"end":{"line":73,"column":21}},"loc":{"start":{"line":73,"column":25},"end":{"line":73,"column":26}},"line":73},"4":{"name":"(anonymous_4)","decl":{"start":{"line":74,"column":21},"end":{"line":74,"column":22}},"loc":{"start":{"line":74,"column":30},"end":{"line":82,"column":13}},"line":74}},"branchMap":{"0":{"loc":{"start":{"line":30,"column":26},"end":{"line":30,"column":38}},"type":"default-arg","locations":[{"start":{"line":30,"column":35},"end":{"line":30,"column":38}}],"line":30},"1":{"loc":{"start":{"line":30,"column":40},"end":{"line":30,"column":51}},"type":"default-arg","locations":[{"start":{"line":30,"column":49},"end":{"line":30,"column":51}}],"line":30},"2":{"loc":{"start":{"line":44,"column":19},"end":{"line":44,"column":38}},"type":"binary-expr","locations":[{"start":{"line":44,"column":19},"end":{"line":44,"column":32}},{"start":{"line":44,"column":36},"end":{"line":44,"column":38}}],"line":44},"3":{"loc":{"start":{"line":47,"column":6},"end":{"line":84,"column":7}},"type":"if","locations":[{"start":{"line":47,"column":6},"end":{"line":84,"column":7}},{"start":{"line":47,"column":6},"end":{"line":84,"column":7}}],"line":47},"4":{"loc":{"start":{"line":53,"column":16},"end":{"line":53,"column":42}},"type":"binary-expr","locations":[{"start":{"line":53,"column":16},"end":{"line":53,"column":36}},{"start":{"line":53,"column":40},"end":{"line":53,"column":42}}],"line":53},"5":{"loc":{"start":{"line":55,"column":14},"end":{"line":57,"column":63}},"type":"cond-expr","locations":[{"start":{"line":56,"column":18},"end":{"line":56,"column":44}},{"start":{"line":57,"column":18},"end":{"line":57,"column":63}}],"line":55},"6":{"loc":{"start":{"line":55,"column":14},"end":{"line":55,"column":64}},"type":"binary-expr","locations":[{"start":{"line":55,"column":14},"end":{"line":55,"column":34}},{"start":{"line":55,"column":38},"end":{"line":55,"column":64}}],"line":55},"7":{"loc":{"start":{"line":59,"column":14},"end":{"line":61,"column":31}},"type":"cond-expr","locations":[{"start":{"line":60,"column":18},"end":{"line":60,"column":46}},{"start":{"line":61,"column":18},"end":{"line":61,"column":31}}],"line":59},"8":{"loc":{"start":{"line":59,"column":14},"end":{"line":59,"column":66}},"type":"binary-expr","locations":[{"start":{"line":59,"column":14},"end":{"line":59,"column":34}},{"start":{"line":59,"column":38},"end":{"line":59,"column":66}}],"line":59},"9":{"loc":{"start":{"line":65,"column":8},"end":{"line":83,"column":9}},"type":"if","locations":[{"start":{"line":65,"column":8},"end":{"line":83,"column":9}},{"start":{"line":65,"column":8},"end":{"line":83,"column":9}}],"line":65},"10":{"loc":{"start":{"line":68,"column":10},"end":{"line":70,"column":11}},"type":"if","locations":[{"start":{"line":68,"column":10},"end":{"line":70,"column":11}},{"start":{"line":68,"column":10},"end":{"line":70,"column":11}}],"line":68},"11":{"loc":{"start":{"line":77,"column":14},"end":{"line":81,"column":15}},"type":"if","locations":[{"start":{"line":77,"column":14},"end":{"line":81,"column":15}},{"start":{"line":77,"column":14},"end":{"line":81,"column":15}}],"line":77},"12":{"loc":{"start":{"line":86,"column":35},"end":{"line":86,"column":61}},"type":"binary-expr","locations":[{"start":{"line":86,"column":35},"end":{"line":86,"column":55}},{"start":{"line":86,"column":59},"end":{"line":86,"column":61}}],"line":86},"13":{"loc":{"start":{"line":87,"column":33},"end":{"line":89,"column":35}},"type":"cond-expr","locations":[{"start":{"line":88,"column":10},"end":{"line":88,"column":40}},{"start":{"line":89,"column":10},"end":{"line":89,"column":35}}],"line":87},"14":{"loc":{"start":{"line":91,"column":13},"end":{"line":95,"column":7}},"type":"cond-expr","locations":[{"start":{"line":92,"column":8},"end":{"line":92,"column":56}},{"start":{"line":94,"column":8},"end":{"line":94,"column":60}}],"line":91},"15":{"loc":{"start":{"line":91,"column":13},"end":{"line":91,"column":25}},"type":"binary-expr","locations":[{"start":{"line":91,"column":13},"end":{"line":91,"column":15}},{"start":{"line":91,"column":19},"end":{"line":91,"column":25}}],"line":91}},"s":{"0":1,"1":8,"2":8,"3":9,"4":8,"5":8,"6":9,"7":9,"8":9,"9":3,"10":3,"11":6,"12":2,"13":4,"14":1,"15":4,"16":7,"17":6,"18":6,"19":5,"20":1,"21":9,"22":9,"23":9},"f":{"0":8,"1":8,"2":9,"3":7,"4":6},"b":{"0":[1],"1":[6],"2":[9,9],"3":[3,6],"4":[3,1],"5":[1,2],"6":[3,2],"7":[1,2],"8":[3,2],"9":[2,4],"10":[1,3],"11":[5,1],"12":[9,5],"13":[1,8],"14":[6,3],"15":[9,6]},"_coverageSchema":"43e27e138ebf9cfc5966b082cf9a028302ed4184","hash":"191668a4047119a46e4e81e74d7adc4769d11294"}
}
