{
  "/Users/athersharif/dev/react-db-google-sheets/src/DefaultLoadErrorComponent.js": {
    "path": "/Users/athersharif/dev/react-db-google-sheets/src/DefaultLoadErrorComponent.js",
    "statementMap": {
      "0": {
        "start": { "line": 19, "column": 17 },
        "end": { "line": 23, "column": 1 }
      },
      "1": {
        "start": { "line": 36, "column": 34 },
        "end": { "line": 41, "column": 1 }
      },
      "2": {
        "start": { "line": 37, "column": 2 },
        "end": { "line": 40, "column": 8 }
      },
      "3": {
        "start": { "line": 43, "column": 0 },
        "end": { "line": 49, "column": 2 }
      },
      "4": {
        "start": { "line": 51, "column": 0 },
        "end": { "line": 53, "column": 2 }
      }
    },
    "fnMap": {
      "0": {
        "name": "(anonymous_0)",
        "decl": {
          "start": { "line": 36, "column": 34 },
          "end": { "line": 36, "column": 35 }
        },
        "loc": {
          "start": { "line": 37, "column": 2 },
          "end": { "line": 40, "column": 8 }
        },
        "line": 37
      }
    },
    "branchMap": {
      "0": {
        "loc": {
          "start": { "line": 37, "column": 18 },
          "end": { "line": 37, "column": 56 }
        },
        "type": "binary-expr",
        "locations": [
          {
            "start": { "line": 37, "column": 18 },
            "end": { "line": 37, "column": 34 }
          },
          {
            "start": { "line": 37, "column": 38 },
            "end": { "line": 37, "column": 56 }
          }
        ],
        "line": 37
      },
      "1": {
        "loc": {
          "start": { "line": 38, "column": 27 },
          "end": { "line": 38, "column": 57 }
        },
        "type": "binary-expr",
        "locations": [
          {
            "start": { "line": 38, "column": 27 },
            "end": { "line": 38, "column": 39 }
          },
          {
            "start": { "line": 38, "column": 43 },
            "end": { "line": 38, "column": 57 }
          }
        ],
        "line": 38
      },
      "2": {
        "loc": {
          "start": { "line": 39, "column": 28 },
          "end": { "line": 39, "column": 62 }
        },
        "type": "binary-expr",
        "locations": [
          {
            "start": { "line": 39, "column": 28 },
            "end": { "line": 39, "column": 42 }
          },
          {
            "start": { "line": 39, "column": 46 },
            "end": { "line": 39, "column": 62 }
          }
        ],
        "line": 39
      }
    },
    "s": { "0": 2, "1": 2, "2": 8, "3": 2, "4": 2 },
    "f": { "0": 8 },
    "b": { "0": [8, 4], "1": [8, 4], "2": [8, 4] },
    "_coverageSchema": "43e27e138ebf9cfc5966b082cf9a028302ed4184",
    "hash": "3116061291c520daee85ea6e1100c64b14fd8662"
  },
  "/Users/athersharif/dev/react-db-google-sheets/src/GoogleSheetsProvider.js": {
    "path": "/Users/athersharif/dev/react-db-google-sheets/src/GoogleSheetsProvider.js",
    "statementMap": {
      "0": {
        "start": { "line": 16, "column": 21 },
        "end": { "line": 18, "column": 3 }
      },
      "1": {
        "start": { "line": 20, "column": 29 },
        "end": { "line": 22, "column": 3 }
      },
      "2": {
        "start": { "line": 25, "column": 4 },
        "end": { "line": 25, "column": 12 }
      },
      "3": {
        "start": { "line": 26, "column": 4 },
        "end": { "line": 26, "column": 30 }
      },
      "4": {
        "start": { "line": 30, "column": 4 },
        "end": { "line": 33, "column": 42 }
      },
      "5": {
        "start": { "line": 31, "column": 24 },
        "end": { "line": 31, "column": 39 }
      },
      "6": {
        "start": { "line": 32, "column": 20 },
        "end": { "line": 32, "column": 65 }
      },
      "7": {
        "start": { "line": 33, "column": 22 },
        "end": { "line": 33, "column": 40 }
      },
      "8": {
        "start": { "line": 37, "column": 4 },
        "end": { "line": 37, "column": 33 }
      },
      "9": {
        "start": { "line": 40, "column": 11 },
        "end": { "line": 41, "column": 246 }
      },
      "10": {
        "start": { "line": 41, "column": 4 },
        "end": { "line": 41, "column": 246 }
      },
      "11": {
        "start": { "line": 43, "column": 16 },
        "end": { "line": 73, "column": 3 }
      },
      "12": {
        "start": { "line": 44, "column": 17 },
        "end": { "line": 44, "column": 19 }
      },
      "13": {
        "start": { "line": 46, "column": 4 },
        "end": { "line": 70, "column": 7 }
      },
      "14": {
        "start": { "line": 50, "column": 10 },
        "end": { "line": 50, "column": 15 }
      },
      "15": {
        "start": { "line": 51, "column": 36 },
        "end": { "line": 51, "column": 51 }
      },
      "16": {
        "start": { "line": 52, "column": 6 },
        "end": { "line": 52, "column": 71 }
      },
      "17": {
        "start": { "line": 52, "column": 51 },
        "end": { "line": 52, "column": 69 }
      },
      "18": {
        "start": { "line": 53, "column": 6 },
        "end": { "line": 69, "column": 8 }
      },
      "19": {
        "start": { "line": 56, "column": 23 },
        "end": { "line": 56, "column": 25 }
      },
      "20": {
        "start": { "line": 58, "column": 10 },
        "end": { "line": 65, "column": 13 }
      },
      "21": {
        "start": { "line": 59, "column": 12 },
        "end": { "line": 64, "column": 14 }
      },
      "22": {
        "start": { "line": 67, "column": 10 },
        "end": { "line": 67, "column": 24 }
      },
      "23": {
        "start": { "line": 72, "column": 4 },
        "end": { "line": 72, "column": 18 }
      },
      "24": {
        "start": { "line": 76, "column": 4 },
        "end": { "line": 76, "column": 71 }
      }
    },
    "fnMap": {
      "0": {
        "name": "(anonymous_0)",
        "decl": {
          "start": { "line": 24, "column": 2 },
          "end": { "line": 24, "column": 3 }
        },
        "loc": {
          "start": { "line": 24, "column": 16 },
          "end": { "line": 27, "column": 3 }
        },
        "line": 24
      },
      "1": {
        "name": "(anonymous_1)",
        "decl": {
          "start": { "line": 29, "column": 2 },
          "end": { "line": 29, "column": 3 }
        },
        "loc": {
          "start": { "line": 29, "column": 22 },
          "end": { "line": 34, "column": 3 }
        },
        "line": 29
      },
      "2": {
        "name": "(anonymous_2)",
        "decl": {
          "start": { "line": 31, "column": 12 },
          "end": { "line": 31, "column": 13 }
        },
        "loc": {
          "start": { "line": 31, "column": 24 },
          "end": { "line": 31, "column": 39 }
        },
        "line": 31
      },
      "3": {
        "name": "(anonymous_3)",
        "decl": {
          "start": { "line": 32, "column": 12 },
          "end": { "line": 32, "column": 13 }
        },
        "loc": {
          "start": { "line": 32, "column": 20 },
          "end": { "line": 32, "column": 65 }
        },
        "line": 32
      },
      "4": {
        "name": "(anonymous_4)",
        "decl": {
          "start": { "line": 33, "column": 13 },
          "end": { "line": 33, "column": 14 }
        },
        "loc": {
          "start": { "line": 33, "column": 22 },
          "end": { "line": 33, "column": 40 }
        },
        "line": 33
      },
      "5": {
        "name": "(anonymous_5)",
        "decl": {
          "start": { "line": 36, "column": 2 },
          "end": { "line": 36, "column": 3 }
        },
        "loc": {
          "start": { "line": 36, "column": 20 },
          "end": { "line": 38, "column": 3 }
        },
        "line": 36
      },
      "6": {
        "name": "(anonymous_6)",
        "decl": {
          "start": { "line": 40, "column": 11 },
          "end": { "line": 40, "column": 12 }
        },
        "loc": {
          "start": { "line": 41, "column": 4 },
          "end": { "line": 41, "column": 246 }
        },
        "line": 41
      },
      "7": {
        "name": "(anonymous_7)",
        "decl": {
          "start": { "line": 43, "column": 16 },
          "end": { "line": 43, "column": 17 }
        },
        "loc": {
          "start": { "line": 43, "column": 32 },
          "end": { "line": 73, "column": 3 }
        },
        "line": 43
      },
      "8": {
        "name": "(anonymous_8)",
        "decl": {
          "start": { "line": 46, "column": 19 },
          "end": { "line": 46, "column": 20 }
        },
        "loc": {
          "start": { "line": 46, "column": 28 },
          "end": { "line": 70, "column": 5 }
        },
        "line": 46
      },
      "9": {
        "name": "(anonymous_9)",
        "decl": {
          "start": { "line": 52, "column": 44 },
          "end": { "line": 52, "column": 45 }
        },
        "loc": {
          "start": { "line": 52, "column": 51 },
          "end": { "line": 52, "column": 69 }
        },
        "line": 52
      },
      "10": {
        "name": "(anonymous_10)",
        "decl": {
          "start": { "line": 55, "column": 26 },
          "end": { "line": 55, "column": 27 }
        },
        "loc": {
          "start": { "line": 55, "column": 36 },
          "end": { "line": 68, "column": 9 }
        },
        "line": 55
      },
      "11": {
        "name": "(anonymous_11)",
        "decl": {
          "start": { "line": 58, "column": 28 },
          "end": { "line": 58, "column": 29 }
        },
        "loc": {
          "start": { "line": 58, "column": 46 },
          "end": { "line": 65, "column": 11 }
        },
        "line": 58
      },
      "12": {
        "name": "(anonymous_12)",
        "decl": {
          "start": { "line": 75, "column": 2 },
          "end": { "line": 75, "column": 3 }
        },
        "loc": {
          "start": { "line": 75, "column": 11 },
          "end": { "line": 77, "column": 3 }
        },
        "line": 75
      }
    },
    "branchMap": {
      "0": {
        "loc": {
          "start": { "line": 60, "column": 23 },
          "end": { "line": 62, "column": 22 }
        },
        "type": "cond-expr",
        "locations": [
          {
            "start": { "line": 61, "column": 18 },
            "end": { "line": 61, "column": 53 }
          },
          {
            "start": { "line": 62, "column": 18 },
            "end": { "line": 62, "column": 22 }
          }
        ],
        "line": 60
      },
      "1": {
        "loc": {
          "start": { "line": 76, "column": 11 },
          "end": { "line": 76, "column": 70 }
        },
        "type": "cond-expr",
        "locations": [
          {
            "start": { "line": 76, "column": 27 },
            "end": { "line": 76, "column": 46 }
          },
          {
            "start": { "line": 76, "column": 49 },
            "end": { "line": 76, "column": 70 }
          }
        ],
        "line": 76
      }
    },
    "s": {
      "0": 1,
      "1": 1,
      "2": 2,
      "3": 2,
      "4": 2,
      "5": 1,
      "6": 1,
      "7": 1,
      "8": 4,
      "9": 2,
      "10": 2,
      "11": 2,
      "12": 1,
      "13": 1,
      "14": 1,
      "15": 1,
      "16": 1,
      "17": 2,
      "18": 1,
      "19": 1,
      "20": 1,
      "21": 2,
      "22": 1,
      "23": 1,
      "24": 3
    },
    "f": {
      "0": 2,
      "1": 2,
      "2": 1,
      "3": 1,
      "4": 1,
      "5": 4,
      "6": 2,
      "7": 1,
      "8": 1,
      "9": 2,
      "10": 1,
      "11": 2,
      "12": 3
    },
    "b": { "0": [1, 1], "1": [1, 2] },
    "_coverageSchema": "43e27e138ebf9cfc5966b082cf9a028302ed4184",
    "hash": "bc4adf1863a299260ef8ed56d9175ba4574f7f67"
  },
  "/Users/athersharif/dev/react-db-google-sheets/src/withGoogleSheets.js": {
    "path": "/Users/athersharif/dev/react-db-google-sheets/src/withGoogleSheets.js",
    "statementMap": {
      "0": {
        "start": { "line": 29, "column": 25 },
        "end": { "line": 62, "column": 3 }
      },
      "1": {
        "start": { "line": 29, "column": 49 },
        "end": { "line": 62, "column": 3 }
      },
      "2": {
        "start": { "line": 30, "column": 2 },
        "end": { "line": 62, "column": 3 }
      },
      "3": {
        "start": { "line": 31, "column": 18 },
        "end": { "line": 31, "column": 34 }
      },
      "4": {
        "start": { "line": 33, "column": 23 },
        "end": { "line": 35, "column": 5 }
      },
      "5": {
        "start": { "line": 37, "column": 26 },
        "end": { "line": 39, "column": 5 }
      },
      "6": {
        "start": { "line": 42, "column": 19 },
        "end": { "line": 42, "column": 38 }
      },
      "7": {
        "start": { "line": 43, "column": 21 },
        "end": { "line": 43, "column": 33 }
      },
      "8": {
        "start": { "line": 45, "column": 19 },
        "end": { "line": 45, "column": 33 }
      },
      "9": {
        "start": { "line": 47, "column": 6 },
        "end": { "line": 49, "column": 7 }
      },
      "10": {
        "start": { "line": 48, "column": 8 },
        "end": { "line": 48, "column": 29 }
      },
      "11": {
        "start": { "line": 51, "column": 35 },
        "end": { "line": 51, "column": 61 }
      },
      "12": {
        "start": { "line": 52, "column": 33 },
        "end": { "line": 54, "column": 35 }
      },
      "13": {
        "start": { "line": 56, "column": 6 },
        "end": { "line": 60, "column": 8 }
      }
    },
    "fnMap": {
      "0": {
        "name": "(anonymous_0)",
        "decl": {
          "start": { "line": 29, "column": 25 },
          "end": { "line": 29, "column": 26 }
        },
        "loc": {
          "start": { "line": 29, "column": 49 },
          "end": { "line": 62, "column": 3 }
        },
        "line": 29
      },
      "1": {
        "name": "(anonymous_1)",
        "decl": {
          "start": { "line": 29, "column": 49 },
          "end": { "line": 29, "column": 50 }
        },
        "loc": {
          "start": { "line": 30, "column": 2 },
          "end": { "line": 62, "column": 3 }
        },
        "line": 30
      },
      "2": {
        "name": "(anonymous_2)",
        "decl": {
          "start": { "line": 41, "column": 4 },
          "end": { "line": 41, "column": 5 }
        },
        "loc": {
          "start": { "line": 41, "column": 13 },
          "end": { "line": 61, "column": 5 }
        },
        "line": 41
      }
    },
    "branchMap": {
      "0": {
        "loc": {
          "start": { "line": 29, "column": 33 },
          "end": { "line": 29, "column": 44 }
        },
        "type": "default-arg",
        "locations": [
          {
            "start": { "line": 29, "column": 42 },
            "end": { "line": 29, "column": 44 }
          }
        ],
        "line": 29
      },
      "1": {
        "loc": {
          "start": { "line": 42, "column": 19 },
          "end": { "line": 42, "column": 38 }
        },
        "type": "binary-expr",
        "locations": [
          {
            "start": { "line": 42, "column": 19 },
            "end": { "line": 42, "column": 32 }
          },
          {
            "start": { "line": 42, "column": 36 },
            "end": { "line": 42, "column": 38 }
          }
        ],
        "line": 42
      },
      "2": {
        "loc": {
          "start": { "line": 47, "column": 6 },
          "end": { "line": 49, "column": 7 }
        },
        "type": "if",
        "locations": [
          {
            "start": { "line": 47, "column": 6 },
            "end": { "line": 49, "column": 7 }
          },
          {
            "start": { "line": 47, "column": 6 },
            "end": { "line": 49, "column": 7 }
          }
        ],
        "line": 47
      },
      "3": {
        "loc": {
          "start": { "line": 51, "column": 35 },
          "end": { "line": 51, "column": 61 }
        },
        "type": "binary-expr",
        "locations": [
          {
            "start": { "line": 51, "column": 35 },
            "end": { "line": 51, "column": 55 }
          },
          {
            "start": { "line": 51, "column": 59 },
            "end": { "line": 51, "column": 61 }
          }
        ],
        "line": 51
      },
      "4": {
        "loc": {
          "start": { "line": 52, "column": 33 },
          "end": { "line": 54, "column": 35 }
        },
        "type": "cond-expr",
        "locations": [
          {
            "start": { "line": 53, "column": 10 },
            "end": { "line": 53, "column": 40 }
          },
          {
            "start": { "line": 54, "column": 10 },
            "end": { "line": 54, "column": 35 }
          }
        ],
        "line": 52
      },
      "5": {
        "loc": {
          "start": { "line": 56, "column": 13 },
          "end": { "line": 60, "column": 7 }
        },
        "type": "cond-expr",
        "locations": [
          {
            "start": { "line": 57, "column": 8 },
            "end": { "line": 57, "column": 56 }
          },
          {
            "start": { "line": 59, "column": 8 },
            "end": { "line": 59, "column": 60 }
          }
        ],
        "line": 56
      },
      "6": {
        "loc": {
          "start": { "line": 56, "column": 13 },
          "end": { "line": 56, "column": 25 }
        },
        "type": "binary-expr",
        "locations": [
          {
            "start": { "line": 56, "column": 13 },
            "end": { "line": 56, "column": 15 }
          },
          {
            "start": { "line": 56, "column": 19 },
            "end": { "line": 56, "column": 25 }
          }
        ],
        "line": 56
      }
    },
    "s": {
      "0": 1,
      "1": 9,
      "2": 9,
      "3": 10,
      "4": 9,
      "5": 9,
      "6": 10,
      "7": 10,
      "8": 10,
      "9": 10,
      "10": 5,
      "11": 10,
      "12": 10,
      "13": 10
    },
    "f": { "0": 9, "1": 9, "2": 10 },
    "b": {
      "0": [7],
      "1": [10, 7],
      "2": [5, 5],
      "3": [10, 8],
      "4": [1, 9],
      "5": [7, 3],
      "6": [10, 7]
    },
    "_coverageSchema": "43e27e138ebf9cfc5966b082cf9a028302ed4184",
    "hash": "9bd7ff07b88c2d1739fd9056a68049982c889945"
  }
}
