TN:
SF:src/DefaultLoadErrorComponent.js
FN:35,(anonymous_0)
FNF:1
FNH:1
FNDA:8,(anonymous_0)
DA:19,2
DA:35,2
DA:36,8
DA:42,2
DA:50,2
LF:5
LH:5
BRDA:36,0,0,8
BRDA:36,0,1,4
BRDA:37,1,0,8
BRDA:37,1,1,3
BRDA:38,2,0,8
BRDA:38,2,1,3
BRF:6
BRH:6
end_of_record
TN:
SF:src/DefaultLoadingComponent.js
FN:33,(anonymous_0)
FNF:1
FNH:1
FNDA:9,(anonymous_0)
DA:19,2
DA:33,2
DA:34,9
DA:39,2
DA:46,2
LF:5
LH:5
BRDA:34,0,0,9
BRDA:34,0,1,5
BRDA:35,1,0,9
BRDA:35,1,1,6
BRF:4
BRH:4
end_of_record
TN:
SF:src/GoogleSheetsProvider.js
FN:38,(anonymous_0)
FN:46,(anonymous_1)
FN:48,(anonymous_2)
FN:49,(anonymous_3)
FN:56,(anonymous_4)
FN:59,(anonymous_5)
FN:70,(anonymous_6)
FN:81,(anonymous_7)
FN:84,(anonymous_8)
FN:92,(anonymous_9)
FN:95,(anonymous_10)
FN:98,(anonymous_11)
FN:121,(anonymous_12)
FNF:13
FNH:13
FNDA:5,(anonymous_0)
FNDA:5,(anonymous_1)
FNDA:4,(anonymous_2)
FNDA:4,(anonymous_3)
FNDA:1,(anonymous_4)
FNDA:11,(anonymous_5)
FNDA:5,(anonymous_6)
FNDA:3,(anonymous_7)
FNDA:6,(anonymous_8)
FNDA:6,(anonymous_9)
FNDA:3,(anonymous_10)
FNDA:6,(anonymous_11)
FNDA:9,(anonymous_12)
DA:28,1
DA:33,1
DA:39,5
DA:40,5
DA:47,5
DA:48,4
DA:50,4
DA:51,1
DA:53,3
DA:56,1
DA:60,11
DA:62,11
DA:70,5
DA:71,5
DA:81,5
DA:82,3
DA:84,3
DA:88,6
DA:90,6
DA:91,3
DA:92,6
DA:93,3
DA:96,3
DA:98,3
DA:99,6
DA:107,3
DA:111,3
DA:118,3
DA:122,9
DA:124,9
DA:125,9
DA:129,9
LF:32
LH:32
BRDA:50,0,0,1
BRDA:50,0,1,3
BRDA:90,1,0,3
BRDA:90,1,1,3
BRDA:100,2,0,3
BRDA:100,2,1,3
BRDA:124,3,0,4
BRDA:124,3,1,5
BRDA:124,4,0,9
BRDA:124,4,1,4
BRDA:125,5,0,2
BRDA:125,5,1,7
BRDA:129,6,0,4
BRDA:129,6,1,5
BRDA:129,7,0,9
BRDA:129,7,1,6
BRF:16
BRH:16
end_of_record
TN:
SF:src/withGoogleSheets.js
FN:30,(anonymous_0)
FN:30,(anonymous_1)
FN:43,(anonymous_2)
FN:73,(anonymous_3)
FN:74,(anonymous_4)
FNF:5
FNH:5
FNDA:8,(anonymous_0)
FNDA:8,(anonymous_1)
FNDA:9,(anonymous_2)
FNDA:7,(anonymous_3)
FNDA:6,(anonymous_4)
DA:30,8
DA:31,8
DA:32,9
DA:34,8
DA:38,8
DA:44,9
DA:45,9
DA:47,9
DA:48,3
DA:50,3
DA:65,6
DA:66,2
DA:68,4
DA:69,1
DA:72,4
DA:73,7
DA:75,6
DA:77,6
DA:78,5
DA:80,1
DA:86,9
DA:87,9
DA:91,9
LF:23
LH:23
BRDA:30,0,0,1
BRDA:30,1,0,6
BRDA:44,2,0,9
BRDA:44,2,1,9
BRDA:47,3,0,3
BRDA:47,3,1,6
BRDA:53,4,0,3
BRDA:53,4,1,1
BRDA:55,5,0,1
BRDA:55,5,1,2
BRDA:55,6,0,3
BRDA:55,6,1,2
BRDA:59,7,0,1
BRDA:59,7,1,2
BRDA:59,8,0,3
BRDA:59,8,1,2
BRDA:65,9,0,2
BRDA:65,9,1,4
BRDA:68,10,0,1
BRDA:68,10,1,3
BRDA:77,11,0,5
BRDA:77,11,1,1
BRDA:86,12,0,9
BRDA:86,12,1,5
BRDA:87,13,0,1
BRDA:87,13,1,8
BRDA:91,14,0,6
BRDA:91,14,1,3
BRDA:91,15,0,9
BRDA:91,15,1,6
BRF:30
BRH:30
end_of_record
