TN:
SF:/Users/athersharif/dev/metis/src/DefaultLoadErrorComponent.js
FN:35,(anonymous_0)
FNF:1
FNH:1
FNDA:8,(anonymous_0)
DA:19,2
DA:35,2
DA:36,8
DA:42,2
DA:50,2
LF:5
LH:5
BRDA:36,0,0,8
BRDA:36,0,1,4
BRDA:37,1,0,8
BRDA:37,1,1,4
BRDA:38,2,0,8
BRDA:38,2,1,4
BRF:6
BRH:6
end_of_record
TN:
SF:/Users/athersharif/dev/metis/src/GoogleSheetsProvider.js
FN:29,(anonymous_0)
FN:34,(anonymous_1)
FN:36,(anonymous_2)
FN:37,(anonymous_3)
FN:38,(anonymous_4)
FN:41,(anonymous_5)
FN:50,(anonymous_6)
FN:61,(anonymous_7)
FN:64,(anonymous_8)
FN:70,(anonymous_9)
FN:73,(anonymous_10)
FN:76,(anonymous_11)
FN:93,(anonymous_12)
FNF:13
FNH:13
FNDA:2,(anonymous_0)
FNDA:2,(anonymous_1)
FNDA:1,(anonymous_2)
FNDA:1,(anonymous_3)
FNDA:1,(anonymous_4)
FNDA:4,(anonymous_5)
FNDA:2,(anonymous_6)
FNDA:1,(anonymous_7)
FNDA:1,(anonymous_8)
FNDA:2,(anonymous_9)
FNDA:1,(anonymous_10)
FNDA:2,(anonymous_11)
FNDA:3,(anonymous_12)
DA:21,1
DA:25,1
DA:30,2
DA:31,2
DA:35,2
DA:36,1
DA:37,1
DA:38,1
DA:42,4
DA:50,2
DA:51,2
DA:61,2
DA:62,1
DA:64,1
DA:68,1
DA:69,1
DA:70,2
DA:71,1
DA:74,1
DA:76,1
DA:77,2
DA:85,1
DA:90,1
DA:94,3
LF:24
LH:24
BRDA:78,0,0,1
BRDA:78,0,1,1
BRDA:94,1,0,1
BRDA:94,1,1,2
BRF:4
BRH:4
end_of_record
TN:
SF:/Users/athersharif/dev/metis/src/withGoogleSheets.js
FN:29,(anonymous_0)
FN:29,(anonymous_1)
FN:41,(anonymous_2)
FNF:3
FNH:3
FNDA:9,(anonymous_0)
FNDA:9,(anonymous_1)
FNDA:10,(anonymous_2)
DA:29,9
DA:30,9
DA:31,10
DA:33,9
DA:37,9
DA:42,10
DA:43,10
DA:45,10
DA:47,10
DA:48,5
DA:51,10
DA:52,10
DA:56,10
LF:13
LH:13
BRDA:29,0,0,7
BRDA:42,1,0,10
BRDA:42,1,1,7
BRDA:47,2,0,5
BRDA:47,2,1,5
BRDA:51,3,0,10
BRDA:51,3,1,8
BRDA:52,4,0,1
BRDA:52,4,1,9
BRDA:56,5,0,7
BRDA:56,5,1,3
BRDA:56,6,0,10
BRDA:56,6,1,7
BRF:13
BRH:13
end_of_record
